<?xml version="1.0" encoding="UTF-8"?>
<!-- Generated by org.testng.reporters.JUnitReportReporter -->
<testsuite hostname="Shivas-MacBook-Air.local" failures="0" tests="5" name="test.TestCases" time="272.848" errors="0" timestamp="2022-04-12T16:12:31 CEST" skipped="0">
  <testcase classname="test.TestCases" name="ValidateFavouriteItemTC4" time="65.157"/>
  <system-out/>
  <testcase classname="test.TestCases" name="InvalidUserLoginTC2" time="21.505"/>
  <system-out/>
  <testcase classname="test.TestCases" name="ValidateSearchandDiscountTC5" time="83.334"/>
  <system-out/>
  <testcase classname="test.TestCases" name="UserLoginTC1" time="50.222"/>
  <system-out/>
  <testcase classname="test.TestCases" name="ValidateBeautyItemTC3" time="52.630"/>
  <system-out/>
</testsuite> <!-- test.TestCases -->
